Analysis & Synthesis report for lab7_top
Mon Oct 28 20:45:17 2019
Quartus Prime Version 18.1.0 Build 625 09/12/2018 SJ Lite Edition


---------------------
; Table of Contents ;
---------------------
  1. Legal Notice
  2. Analysis & Synthesis Summary
  3. Analysis & Synthesis Settings
  4. Parallel Compilation
  5. Analysis & Synthesis Source Files Read
  6. Analysis & Synthesis Resource Usage Summary
  7. Analysis & Synthesis Resource Utilization by Entity
  8. Analysis & Synthesis RAM Summary
  9. Registers Removed During Synthesis
 10. General Register Statistics
 11. Registers Packed Into Inferred Megafunctions
 12. Multiplexer Restructuring Statistics (Restructuring Performed)
 13. Source assignments for RAM:MEM|altsyncram:mem_rtl_0|altsyncram_65r1:auto_generated
 14. Parameter Settings for User Entity Instance: cpu:CPU|vDFFE:Instruction_Register
 15. Parameter Settings for User Entity Instance: cpu:CPU|datapath:DP|regfile:REGFILE|Dec:writen
 16. Parameter Settings for User Entity Instance: cpu:CPU|datapath:DP|regfile:REGFILE|vDFFE:RR0
 17. Parameter Settings for User Entity Instance: cpu:CPU|datapath:DP|regfile:REGFILE|vDFFE:RR1
 18. Parameter Settings for User Entity Instance: cpu:CPU|datapath:DP|regfile:REGFILE|vDFFE:RR2
 19. Parameter Settings for User Entity Instance: cpu:CPU|datapath:DP|regfile:REGFILE|vDFFE:RR3
 20. Parameter Settings for User Entity Instance: cpu:CPU|datapath:DP|regfile:REGFILE|vDFFE:RR4
 21. Parameter Settings for User Entity Instance: cpu:CPU|datapath:DP|regfile:REGFILE|vDFFE:RR5
 22. Parameter Settings for User Entity Instance: cpu:CPU|datapath:DP|regfile:REGFILE|vDFFE:RR6
 23. Parameter Settings for User Entity Instance: cpu:CPU|datapath:DP|regfile:REGFILE|vDFFE:RR7
 24. Parameter Settings for User Entity Instance: cpu:CPU|datapath:DP|ALU:U2|xor3:abcXorMinus
 25. Parameter Settings for User Entity Instance: cpu:CPU|datapath:DP|ALU:U2|xor3:abcXorPlus
 26. Parameter Settings for User Entity Instance: cpu:CPU|datapath:DP|vDFFE:A
 27. Parameter Settings for User Entity Instance: cpu:CPU|datapath:DP|vDFFE:B
 28. Parameter Settings for User Entity Instance: cpu:CPU|datapath:DP|vDFFE:C
 29. Parameter Settings for User Entity Instance: cpu:CPU|datapath:DP|MUX:muxA
 30. Parameter Settings for User Entity Instance: cpu:CPU|datapath:DP|MUX:muxB
 31. Parameter Settings for User Entity Instance: cpu:CPU|datapath:DP|vDFFE:status
 32. Parameter Settings for User Entity Instance: cpu:CPU|MUX:PCMUX
 33. Parameter Settings for User Entity Instance: cpu:CPU|vDFFE:ProgramCounter
 34. Parameter Settings for User Entity Instance: cpu:CPU|vDFFE:DataAddress
 35. Parameter Settings for User Entity Instance: cpu:CPU|MUX:memSelect
 36. Parameter Settings for User Entity Instance: RAM:MEM
 37. Parameter Settings for User Entity Instance: eq:mreadEQ
 38. Parameter Settings for User Entity Instance: eq:mwriteEQ
 39. Parameter Settings for User Entity Instance: eq:mselEQ
 40. Parameter Settings for User Entity Instance: triStateBuffer:doutBuffer
 41. Parameter Settings for User Entity Instance: triStateBuffer:SwitchBuffer
 42. Parameter Settings for User Entity Instance: vDFFE:LEDtoggle
 43. Parameter Settings for Inferred Entity Instance: RAM:MEM|altsyncram:mem_rtl_0
 44. altsyncram Parameter Settings by Entity Instance
 45. Port Connectivity Checks: "triStateBuffer:SwitchBuffer"
 46. Port Connectivity Checks: "eq:mselEQ"
 47. Port Connectivity Checks: "eq:mwriteEQ"
 48. Port Connectivity Checks: "eq:mreadEQ"
 49. Port Connectivity Checks: "cpu:CPU|MUX:PCMUX"
 50. Port Connectivity Checks: "cpu:CPU|datapath:DP|MUX:muxA"
 51. Port Connectivity Checks: "cpu:CPU|datapath:DP|ALU:U2|xor3:abcXorPlus"
 52. Port Connectivity Checks: "cpu:CPU|datapath:DP|ALU:U2|xor3:abcXorMinus"
 53. Port Connectivity Checks: "cpu:CPU|datapath:DP|Four_IN_Mux:inMuxNew"
 54. Port Connectivity Checks: "cpu:CPU|datapath:DP"
 55. Port Connectivity Checks: "cpu:CPU|FSM:stateMachine"
 56. Post-Synthesis Netlist Statistics for Top Partition
 57. Elapsed Time Per Partition
 58. Analysis & Synthesis Messages
 59. Analysis & Synthesis Suppressed Messages



----------------
; Legal Notice ;
----------------
Copyright (C) 2018  Intel Corporation. All rights reserved.
Your use of Intel Corporation's design tools, logic functions 
and other software and tools, and its AMPP partner logic 
functions, and any output files from any of the foregoing 
(including device programming or simulation files), and any 
associated documentation or information are expressly subject 
to the terms and conditions of the Intel Program License 
Subscription Agreement, the Intel Quartus Prime License Agreement,
the Intel FPGA IP License Agreement, or other applicable license
agreement, including, without limitation, that your use is for
the sole purpose of programming logic devices manufactured by
Intel and sold by Intel or its authorized distributors.  Please
refer to the applicable agreement for further details.



+-------------------------------------------------------------------------------+
; Analysis & Synthesis Summary                                                  ;
+---------------------------------+---------------------------------------------+
; Analysis & Synthesis Status     ; Successful - Mon Oct 28 20:45:17 2019       ;
; Quartus Prime Version           ; 18.1.0 Build 625 09/12/2018 SJ Lite Edition ;
; Revision Name                   ; lab7_top                                    ;
; Top-level Entity Name           ; lab7_top                                    ;
; Family                          ; Cyclone V                                   ;
; Logic utilization (in ALMs)     ; N/A                                         ;
; Total registers                 ; 237                                         ;
; Total pins                      ; 66                                          ;
; Total virtual pins              ; 0                                           ;
; Total block memory bits         ; 4,096                                       ;
; Total DSP Blocks                ; 0                                           ;
; Total HSSI RX PCSs              ; 0                                           ;
; Total HSSI PMA RX Deserializers ; 0                                           ;
; Total HSSI TX PCSs              ; 0                                           ;
; Total HSSI PMA TX Serializers   ; 0                                           ;
; Total PLLs                      ; 0                                           ;
; Total DLLs                      ; 0                                           ;
+---------------------------------+---------------------------------------------+


+---------------------------------------------------------------------------------------------------------------------------+
; Analysis & Synthesis Settings                                                                                             ;
+---------------------------------------------------------------------------------+--------------------+--------------------+
; Option                                                                          ; Setting            ; Default Value      ;
+---------------------------------------------------------------------------------+--------------------+--------------------+
; Device                                                                          ; 5CSEMA5F31C6       ;                    ;
; Top-level entity name                                                           ; lab7_top           ; lab7_top           ;
; Family name                                                                     ; Cyclone V          ; Cyclone V          ;
; Use smart compilation                                                           ; Off                ; Off                ;
; Enable parallel Assembler and Timing Analyzer during compilation                ; On                 ; On                 ;
; Enable compact report table                                                     ; Off                ; Off                ;
; Restructure Multiplexers                                                        ; Auto               ; Auto               ;
; MLAB Add Timing Constraints For Mixed-Port Feed-Through Mode Setting Don't Care ; Off                ; Off                ;
; Create Debugging Nodes for IP Cores                                             ; Off                ; Off                ;
; Preserve fewer node names                                                       ; On                 ; On                 ;
; Intel FPGA IP Evaluation Mode                                                   ; Enable             ; Enable             ;
; Verilog Version                                                                 ; Verilog_2001       ; Verilog_2001       ;
; VHDL Version                                                                    ; VHDL_1993          ; VHDL_1993          ;
; State Machine Processing                                                        ; Auto               ; Auto               ;
; Safe State Machine                                                              ; Off                ; Off                ;
; Extract Verilog State Machines                                                  ; On                 ; On                 ;
; Extract VHDL State Machines                                                     ; On                 ; On                 ;
; Ignore Verilog initial constructs                                               ; Off                ; Off                ;
; Iteration limit for constant Verilog loops                                      ; 5000               ; 5000               ;
; Iteration limit for non-constant Verilog loops                                  ; 250                ; 250                ;
; Add Pass-Through Logic to Inferred RAMs                                         ; On                 ; On                 ;
; Infer RAMs from Raw Logic                                                       ; On                 ; On                 ;
; Parallel Synthesis                                                              ; On                 ; On                 ;
; DSP Block Balancing                                                             ; Auto               ; Auto               ;
; NOT Gate Push-Back                                                              ; On                 ; On                 ;
; Power-Up Don't Care                                                             ; On                 ; On                 ;
; Remove Redundant Logic Cells                                                    ; Off                ; Off                ;
; Remove Duplicate Registers                                                      ; On                 ; On                 ;
; Ignore CARRY Buffers                                                            ; Off                ; Off                ;
; Ignore CASCADE Buffers                                                          ; Off                ; Off                ;
; Ignore GLOBAL Buffers                                                           ; Off                ; Off                ;
; Ignore ROW GLOBAL Buffers                                                       ; Off                ; Off                ;
; Ignore LCELL Buffers                                                            ; Off                ; Off                ;
; Ignore SOFT Buffers                                                             ; On                 ; On                 ;
; Limit AHDL Integers to 32 Bits                                                  ; Off                ; Off                ;
; Optimization Technique                                                          ; Balanced           ; Balanced           ;
; Carry Chain Length                                                              ; 70                 ; 70                 ;
; Auto Carry Chains                                                               ; On                 ; On                 ;
; Auto Open-Drain Pins                                                            ; On                 ; On                 ;
; Perform WYSIWYG Primitive Resynthesis                                           ; Off                ; Off                ;
; Auto ROM Replacement                                                            ; On                 ; On                 ;
; Auto RAM Replacement                                                            ; On                 ; On                 ;
; Auto DSP Block Replacement                                                      ; On                 ; On                 ;
; Auto Shift Register Replacement                                                 ; Auto               ; Auto               ;
; Allow Shift Register Merging across Hierarchies                                 ; Auto               ; Auto               ;
; Auto Clock Enable Replacement                                                   ; On                 ; On                 ;
; Strict RAM Replacement                                                          ; Off                ; Off                ;
; Allow Synchronous Control Signals                                               ; On                 ; On                 ;
; Force Use of Synchronous Clear Signals                                          ; Off                ; Off                ;
; Auto Resource Sharing                                                           ; Off                ; Off                ;
; Allow Any RAM Size For Recognition                                              ; Off                ; Off                ;
; Allow Any ROM Size For Recognition                                              ; Off                ; Off                ;
; Allow Any Shift Register Size For Recognition                                   ; Off                ; Off                ;
; Use LogicLock Constraints during Resource Balancing                             ; On                 ; On                 ;
; Ignore translate_off and synthesis_off directives                               ; Off                ; Off                ;
; Timing-Driven Synthesis                                                         ; On                 ; On                 ;
; Report Parameter Settings                                                       ; On                 ; On                 ;
; Report Source Assignments                                                       ; On                 ; On                 ;
; Report Connectivity Checks                                                      ; On                 ; On                 ;
; Ignore Maximum Fan-Out Assignments                                              ; Off                ; Off                ;
; Synchronization Register Chain Length                                           ; 3                  ; 3                  ;
; Power Optimization During Synthesis                                             ; Normal compilation ; Normal compilation ;
; HDL message level                                                               ; Level2             ; Level2             ;
; Suppress Register Optimization Related Messages                                 ; Off                ; Off                ;
; Number of Removed Registers Reported in Synthesis Report                        ; 5000               ; 5000               ;
; Number of Swept Nodes Reported in Synthesis Report                              ; 5000               ; 5000               ;
; Number of Inverted Registers Reported in Synthesis Report                       ; 100                ; 100                ;
; Clock MUX Protection                                                            ; On                 ; On                 ;
; Auto Gated Clock Conversion                                                     ; Off                ; Off                ;
; Block Design Naming                                                             ; Auto               ; Auto               ;
; SDC constraint protection                                                       ; Off                ; Off                ;
; Synthesis Effort                                                                ; Auto               ; Auto               ;
; Shift Register Replacement - Allow Asynchronous Clear Signal                    ; On                 ; On                 ;
; Pre-Mapping Resynthesis Optimization                                            ; Off                ; Off                ;
; Analysis & Synthesis Message Level                                              ; Medium             ; Medium             ;
; Disable Register Merging Across Hierarchies                                     ; Auto               ; Auto               ;
; Resource Aware Inference For Block RAM                                          ; On                 ; On                 ;
; Automatic Parallel Synthesis                                                    ; On                 ; On                 ;
; Partial Reconfiguration Bitstream ID                                            ; Off                ; Off                ;
+---------------------------------------------------------------------------------+--------------------+--------------------+


+------------------------------------------+
; Parallel Compilation                     ;
+----------------------------+-------------+
; Processors                 ; Number      ;
+----------------------------+-------------+
; Number detected on machine ; 12          ;
; Maximum allowed            ; 6           ;
;                            ;             ;
; Average used               ; 1.00        ;
; Maximum used               ; 6           ;
;                            ;             ;
; Usage by Processor         ; % Time Used ;
;     Processor 1            ; 100.0%      ;
;     Processors 2-6         ;   0.0%      ;
+----------------------------+-------------+


+-------------------------------------------------------------------------------------------------------------------------------------------------------------------------------------------------------------------+
; Analysis & Synthesis Source Files Read                                                                                                                                                                            ;
+------------------------------------+-----------------+-------------------------------------------------------+------------------------------------------------------------------------------------------+---------+
; File Name with User-Entered Path   ; Used in Netlist ; File Type                                             ; File Name with Absolute Path                                                             ; Library ;
+------------------------------------+-----------------+-------------------------------------------------------+------------------------------------------------------------------------------------------+---------+
; shifter.v                          ; yes             ; User Verilog HDL File                                 ; D:/Users/Roy Du/Documents/Homework/CPEN 211/labs/lab7/shifter.v                          ;         ;
; regfile.v                          ; yes             ; User Verilog HDL File                                 ; D:/Users/Roy Du/Documents/Homework/CPEN 211/labs/lab7/regfile.v                          ;         ;
; lab7_top.v                         ; yes             ; User Verilog HDL File                                 ; D:/Users/Roy Du/Documents/Homework/CPEN 211/labs/lab7/lab7_top.v                         ;         ;
; datapath.v                         ; yes             ; User Verilog HDL File                                 ; D:/Users/Roy Du/Documents/Homework/CPEN 211/labs/lab7/datapath.v                         ;         ;
; cpu.v                              ; yes             ; User Verilog HDL File                                 ; D:/Users/Roy Du/Documents/Homework/CPEN 211/labs/lab7/cpu.v                              ;         ;
; alu.v                              ; yes             ; User Verilog HDL File                                 ; D:/Users/Roy Du/Documents/Homework/CPEN 211/labs/lab7/alu.v                              ;         ;
; altsyncram.tdf                     ; yes             ; Megafunction                                          ; d:/intelfpga_lite/18.1/quartus/libraries/megafunctions/altsyncram.tdf                    ;         ;
; stratix_ram_block.inc              ; yes             ; Megafunction                                          ; d:/intelfpga_lite/18.1/quartus/libraries/megafunctions/stratix_ram_block.inc             ;         ;
; lpm_mux.inc                        ; yes             ; Megafunction                                          ; d:/intelfpga_lite/18.1/quartus/libraries/megafunctions/lpm_mux.inc                       ;         ;
; lpm_decode.inc                     ; yes             ; Megafunction                                          ; d:/intelfpga_lite/18.1/quartus/libraries/megafunctions/lpm_decode.inc                    ;         ;
; aglobal181.inc                     ; yes             ; Megafunction                                          ; d:/intelfpga_lite/18.1/quartus/libraries/megafunctions/aglobal181.inc                    ;         ;
; a_rdenreg.inc                      ; yes             ; Megafunction                                          ; d:/intelfpga_lite/18.1/quartus/libraries/megafunctions/a_rdenreg.inc                     ;         ;
; altrom.inc                         ; yes             ; Megafunction                                          ; d:/intelfpga_lite/18.1/quartus/libraries/megafunctions/altrom.inc                        ;         ;
; altram.inc                         ; yes             ; Megafunction                                          ; d:/intelfpga_lite/18.1/quartus/libraries/megafunctions/altram.inc                        ;         ;
; altdpram.inc                       ; yes             ; Megafunction                                          ; d:/intelfpga_lite/18.1/quartus/libraries/megafunctions/altdpram.inc                      ;         ;
; db/altsyncram_65r1.tdf             ; yes             ; Auto-Generated Megafunction                           ; D:/Users/Roy Du/Documents/Homework/CPEN 211/labs/lab7/db/altsyncram_65r1.tdf             ;         ;
; db/lab7_top.ram0_ram_15119.hdl.mif ; yes             ; Auto-Generated Auto-Found Memory Initialization File  ; D:/Users/Roy Du/Documents/Homework/CPEN 211/labs/lab7/db/lab7_top.ram0_ram_15119.hdl.mif ;         ;
+------------------------------------+-----------------+-------------------------------------------------------+------------------------------------------------------------------------------------------+---------+


+------------------------------------------------------------+
; Analysis & Synthesis Resource Usage Summary                ;
+---------------------------------------------+--------------+
; Resource                                    ; Usage        ;
+---------------------------------------------+--------------+
; Estimate of Logic utilization (ALMs needed) ; 229          ;
;                                             ;              ;
; Combinational ALUT usage for logic          ; 310          ;
;     -- 7 input functions                    ; 8            ;
;     -- 6 input functions                    ; 122          ;
;     -- 5 input functions                    ; 65           ;
;     -- 4 input functions                    ; 47           ;
;     -- <=3 input functions                  ; 68           ;
;                                             ;              ;
; Dedicated logic registers                   ; 237          ;
;                                             ;              ;
; I/O pins                                    ; 66           ;
; Total MLAB memory bits                      ; 0            ;
; Total block memory bits                     ; 4096         ;
;                                             ;              ;
; Total DSP Blocks                            ; 0            ;
;                                             ;              ;
; Maximum fan-out node                        ; KEY[0]~input ;
; Maximum fan-out                             ; 253          ;
; Total fan-out                               ; 2443         ;
; Average fan-out                             ; 3.52         ;
+---------------------------------------------+--------------+


+--------------------------------------------------------------------------------------------------------------------------------------------------------------------------------------------------------------------------------------------------------------+
; Analysis & Synthesis Resource Utilization by Entity                                                                                                                                                                                                          ;
+-------------------------------------------+---------------------+---------------------------+-------------------+------------+------+--------------+-----------------------------------------------------------------------+------------------+--------------+
; Compilation Hierarchy Node                ; Combinational ALUTs ; Dedicated Logic Registers ; Block Memory Bits ; DSP Blocks ; Pins ; Virtual Pins ; Full Hierarchy Name                                                   ; Entity Name      ; Library Name ;
+-------------------------------------------+---------------------+---------------------------+-------------------+------------+------+--------------+-----------------------------------------------------------------------+------------------+--------------+
; |lab7_top                                 ; 310 (27)            ; 237 (0)                   ; 4096              ; 0          ; 66   ; 0            ; |lab7_top                                                             ; lab7_top         ; work         ;
;    |RAM:MEM|                              ; 0 (0)               ; 0 (0)                     ; 4096              ; 0          ; 0    ; 0            ; |lab7_top|RAM:MEM                                                     ; RAM              ; work         ;
;       |altsyncram:mem_rtl_0|              ; 0 (0)               ; 0 (0)                     ; 4096              ; 0          ; 0    ; 0            ; |lab7_top|RAM:MEM|altsyncram:mem_rtl_0                                ; altsyncram       ; work         ;
;          |altsyncram_65r1:auto_generated| ; 0 (0)               ; 0 (0)                     ; 4096              ; 0          ; 0    ; 0            ; |lab7_top|RAM:MEM|altsyncram:mem_rtl_0|altsyncram_65r1:auto_generated ; altsyncram_65r1  ; work         ;
;    |cpu:CPU|                              ; 255 (9)             ; 229 (0)                   ; 0                 ; 0          ; 0    ; 0            ; |lab7_top|cpu:CPU                                                     ; cpu              ; work         ;
;       |FSM:stateMachine|                  ; 63 (63)             ; 19 (19)                   ; 0                 ; 0          ; 0    ; 0            ; |lab7_top|cpu:CPU|FSM:stateMachine                                    ; FSM              ; work         ;
;       |Instruction_Dec:ID1|               ; 4 (1)               ; 0 (0)                     ; 0                 ; 0          ; 0    ; 0            ; |lab7_top|cpu:CPU|Instruction_Dec:ID1                                 ; Instruction_Dec  ; work         ;
;          |writeAndRead_Mux:M1|            ; 3 (3)               ; 0 (0)                     ; 0                 ; 0          ; 0    ; 0            ; |lab7_top|cpu:CPU|Instruction_Dec:ID1|writeAndRead_Mux:M1             ; writeAndRead_Mux ; work         ;
;       |MUX:memSelect|                     ; 8 (8)               ; 0 (0)                     ; 0                 ; 0          ; 0    ; 0            ; |lab7_top|cpu:CPU|MUX:memSelect                                       ; MUX              ; work         ;
;       |datapath:DP|                       ; 171 (0)             ; 176 (0)                   ; 0                 ; 0          ; 0    ; 0            ; |lab7_top|cpu:CPU|datapath:DP                                         ; datapath         ; work         ;
;          |ALU:U2|                         ; 64 (62)             ; 0 (0)                     ; 0                 ; 0          ; 0    ; 0            ; |lab7_top|cpu:CPU|datapath:DP|ALU:U2                                  ; ALU              ; work         ;
;             |xor3:abcXorPlus|             ; 2 (2)               ; 0 (0)                     ; 0                 ; 0          ; 0    ; 0            ; |lab7_top|cpu:CPU|datapath:DP|ALU:U2|xor3:abcXorPlus                  ; xor3             ; work         ;
;          |Four_IN_Mux:inMuxNew|           ; 16 (16)             ; 0 (0)                     ; 0                 ; 0          ; 0    ; 0            ; |lab7_top|cpu:CPU|datapath:DP|Four_IN_Mux:inMuxNew                    ; Four_IN_Mux      ; work         ;
;          |MUX:muxA|                       ; 15 (15)             ; 0 (0)                     ; 0                 ; 0          ; 0    ; 0            ; |lab7_top|cpu:CPU|datapath:DP|MUX:muxA                                ; MUX              ; work         ;
;          |MUX:muxB|                       ; 19 (19)             ; 0 (0)                     ; 0                 ; 0          ; 0    ; 0            ; |lab7_top|cpu:CPU|datapath:DP|MUX:muxB                                ; MUX              ; work         ;
;          |regfile:REGFILE|                ; 57 (8)              ; 128 (0)                   ; 0                 ; 0          ; 0    ; 0            ; |lab7_top|cpu:CPU|datapath:DP|regfile:REGFILE                         ; regfile          ; work         ;
;             |registerMUX:final|           ; 49 (49)             ; 0 (0)                     ; 0                 ; 0          ; 0    ; 0            ; |lab7_top|cpu:CPU|datapath:DP|regfile:REGFILE|registerMUX:final       ; registerMUX      ; work         ;
;             |vDFFE:RR0|                   ; 0 (0)               ; 16 (16)                   ; 0                 ; 0          ; 0    ; 0            ; |lab7_top|cpu:CPU|datapath:DP|regfile:REGFILE|vDFFE:RR0               ; vDFFE            ; work         ;
;             |vDFFE:RR1|                   ; 0 (0)               ; 16 (16)                   ; 0                 ; 0          ; 0    ; 0            ; |lab7_top|cpu:CPU|datapath:DP|regfile:REGFILE|vDFFE:RR1               ; vDFFE            ; work         ;
;             |vDFFE:RR2|                   ; 0 (0)               ; 16 (16)                   ; 0                 ; 0          ; 0    ; 0            ; |lab7_top|cpu:CPU|datapath:DP|regfile:REGFILE|vDFFE:RR2               ; vDFFE            ; work         ;
;             |vDFFE:RR3|                   ; 0 (0)               ; 16 (16)                   ; 0                 ; 0          ; 0    ; 0            ; |lab7_top|cpu:CPU|datapath:DP|regfile:REGFILE|vDFFE:RR3               ; vDFFE            ; work         ;
;             |vDFFE:RR4|                   ; 0 (0)               ; 16 (16)                   ; 0                 ; 0          ; 0    ; 0            ; |lab7_top|cpu:CPU|datapath:DP|regfile:REGFILE|vDFFE:RR4               ; vDFFE            ; work         ;
;             |vDFFE:RR5|                   ; 0 (0)               ; 16 (16)                   ; 0                 ; 0          ; 0    ; 0            ; |lab7_top|cpu:CPU|datapath:DP|regfile:REGFILE|vDFFE:RR5               ; vDFFE            ; work         ;
;             |vDFFE:RR6|                   ; 0 (0)               ; 16 (16)                   ; 0                 ; 0          ; 0    ; 0            ; |lab7_top|cpu:CPU|datapath:DP|regfile:REGFILE|vDFFE:RR6               ; vDFFE            ; work         ;
;             |vDFFE:RR7|                   ; 0 (0)               ; 16 (16)                   ; 0                 ; 0          ; 0    ; 0            ; |lab7_top|cpu:CPU|datapath:DP|regfile:REGFILE|vDFFE:RR7               ; vDFFE            ; work         ;
;          |vDFFE:A|                        ; 0 (0)               ; 16 (16)                   ; 0                 ; 0          ; 0    ; 0            ; |lab7_top|cpu:CPU|datapath:DP|vDFFE:A                                 ; vDFFE            ; work         ;
;          |vDFFE:B|                        ; 0 (0)               ; 16 (16)                   ; 0                 ; 0          ; 0    ; 0            ; |lab7_top|cpu:CPU|datapath:DP|vDFFE:B                                 ; vDFFE            ; work         ;
;          |vDFFE:C|                        ; 0 (0)               ; 16 (16)                   ; 0                 ; 0          ; 0    ; 0            ; |lab7_top|cpu:CPU|datapath:DP|vDFFE:C                                 ; vDFFE            ; work         ;
;       |vDFFE:DataAddress|                 ; 0 (0)               ; 9 (9)                     ; 0                 ; 0          ; 0    ; 0            ; |lab7_top|cpu:CPU|vDFFE:DataAddress                                   ; vDFFE            ; work         ;
;       |vDFFE:Instruction_Register|        ; 0 (0)               ; 16 (16)                   ; 0                 ; 0          ; 0    ; 0            ; |lab7_top|cpu:CPU|vDFFE:Instruction_Register                          ; vDFFE            ; work         ;
;       |vDFFE:ProgramCounter|              ; 0 (0)               ; 9 (9)                     ; 0                 ; 0          ; 0    ; 0            ; |lab7_top|cpu:CPU|vDFFE:ProgramCounter                                ; vDFFE            ; work         ;
;    |sseg:H0|                              ; 7 (7)               ; 0 (0)                     ; 0                 ; 0          ; 0    ; 0            ; |lab7_top|sseg:H0                                                     ; sseg             ; work         ;
;    |sseg:H1|                              ; 7 (7)               ; 0 (0)                     ; 0                 ; 0          ; 0    ; 0            ; |lab7_top|sseg:H1                                                     ; sseg             ; work         ;
;    |sseg:H2|                              ; 7 (7)               ; 0 (0)                     ; 0                 ; 0          ; 0    ; 0            ; |lab7_top|sseg:H2                                                     ; sseg             ; work         ;
;    |sseg:H3|                              ; 7 (7)               ; 0 (0)                     ; 0                 ; 0          ; 0    ; 0            ; |lab7_top|sseg:H3                                                     ; sseg             ; work         ;
;    |vDFFE:LEDtoggle|                      ; 0 (0)               ; 8 (8)                     ; 0                 ; 0          ; 0    ; 0            ; |lab7_top|vDFFE:LEDtoggle                                             ; vDFFE            ; work         ;
+-------------------------------------------+---------------------+---------------------------+-------------------+------------+------+--------------+-----------------------------------------------------------------------+------------------+--------------+
Note: For table entries with two numbers listed, the numbers in parentheses indicate the number of resources of the given type used by the specific entity alone. The numbers listed outside of parentheses indicate the total resources of the given type used by the specific entity and all of its sub-entities in the hierarchy.


+----------------------------------------------------------------------------------------------------------------------------------------------------------------------------------------------------------+
; Analysis & Synthesis RAM Summary                                                                                                                                                                         ;
+------------------------------------------------------------------------+------+------------------+--------------+--------------+--------------+--------------+------+------------------------------------+
; Name                                                                   ; Type ; Mode             ; Port A Depth ; Port A Width ; Port B Depth ; Port B Width ; Size ; MIF                                ;
+------------------------------------------------------------------------+------+------------------+--------------+--------------+--------------+--------------+------+------------------------------------+
; RAM:MEM|altsyncram:mem_rtl_0|altsyncram_65r1:auto_generated|ALTSYNCRAM ; AUTO ; Simple Dual Port ; 256          ; 16           ; 256          ; 16           ; 4096 ; db/lab7_top.ram0_RAM_15119.hdl.mif ;
+------------------------------------------------------------------------+------+------------------+--------------+--------------+--------------+--------------+------+------------------------------------+


+--------------------------------------------------------------------------------+
; Registers Removed During Synthesis                                             ;
+---------------------------------------+----------------------------------------+
; Register name                         ; Reason for Removal                     ;
+---------------------------------------+----------------------------------------+
; cpu:CPU|FSM:stateMachine|load_addr    ; Stuck at VCC due to stuck port data_in ;
; Total Number of Removed Registers = 1 ;                                        ;
+---------------------------------------+----------------------------------------+


+------------------------------------------------------+
; General Register Statistics                          ;
+----------------------------------------------+-------+
; Statistic                                    ; Value ;
+----------------------------------------------+-------+
; Total registers                              ; 237   ;
; Number of registers using Synchronous Clear  ; 9     ;
; Number of registers using Synchronous Load   ; 0     ;
; Number of registers using Asynchronous Clear ; 0     ;
; Number of registers using Asynchronous Load  ; 0     ;
; Number of registers using Clock Enable       ; 217   ;
; Number of registers using Preset             ; 0     ;
+----------------------------------------------+-------+


+------------------------------------------------+
; Registers Packed Into Inferred Megafunctions   ;
+---------------------+-------------------+------+
; Register Name       ; Megafunction      ; Type ;
+---------------------+-------------------+------+
; RAM:MEM|dout[0..15] ; RAM:MEM|mem_rtl_0 ; RAM  ;
+---------------------+-------------------+------+


+-------------------------------------------------------------------------------------------------------------------------------------------------------------------------------------+
; Multiplexer Restructuring Statistics (Restructuring Performed)                                                                                                                      ;
+--------------------+-----------+---------------+----------------------+------------------------+------------+-----------------------------------------------------------------------+
; Multiplexer Inputs ; Bus Width ; Baseline Area ; Area if Restructured ; Saving if Restructured ; Registered ; Example Multiplexer Output                                            ;
+--------------------+-----------+---------------+----------------------+------------------------+------------+-----------------------------------------------------------------------+
; 4:1                ; 15 bits   ; 30 LEs        ; 30 LEs               ; 0 LEs                  ; Yes        ; |lab7_top|cpu:CPU|datapath:DP|vDFFE:C|out[1]                          ;
; 32:1               ; 4 bits    ; 84 LEs        ; 48 LEs               ; 36 LEs                 ; Yes        ; |lab7_top|cpu:CPU|FSM:stateMachine|out[7]                             ;
; 32:1               ; 2 bits    ; 42 LEs        ; 18 LEs               ; 24 LEs                 ; Yes        ; |lab7_top|cpu:CPU|FSM:stateMachine|out[5]                             ;
; 32:1               ; 2 bits    ; 42 LEs        ; 6 LEs                ; 36 LEs                 ; Yes        ; |lab7_top|cpu:CPU|FSM:stateMachine|mem_cmd[1]                         ;
; 4:1                ; 16 bits   ; 32 LEs        ; 32 LEs               ; 0 LEs                  ; No         ; |lab7_top|cpu:CPU|datapath:DP|Four_IN_Mux:inMuxNew|Mux8               ;
; 3:1                ; 3 bits    ; 6 LEs         ; 6 LEs                ; 0 LEs                  ; No         ; |lab7_top|cpu:CPU|Instruction_Dec:ID1|writeAndRead_Mux:M1|Mux1        ;
; 5:1                ; 14 bits   ; 42 LEs        ; 28 LEs               ; 14 LEs                 ; No         ; |lab7_top|cpu:CPU|datapath:DP|MUX:muxB|out[14]                        ;
; 8:1                ; 16 bits   ; 80 LEs        ; 80 LEs               ; 0 LEs                  ; No         ; |lab7_top|cpu:CPU|datapath:DP|regfile:REGFILE|registerMUX:final|Mux13 ;
+--------------------+-----------+---------------+----------------------+------------------------+------------+-----------------------------------------------------------------------+


+------------------------------------------------------------------------------------+
; Source assignments for RAM:MEM|altsyncram:mem_rtl_0|altsyncram_65r1:auto_generated ;
+---------------------------------+--------------------+------+----------------------+
; Assignment                      ; Value              ; From ; To                   ;
+---------------------------------+--------------------+------+----------------------+
; OPTIMIZE_POWER_DURING_SYNTHESIS ; NORMAL_COMPILATION ; -    ; -                    ;
+---------------------------------+--------------------+------+----------------------+


+---------------------------------------------------------------------------------+
; Parameter Settings for User Entity Instance: cpu:CPU|vDFFE:Instruction_Register ;
+----------------+-------+--------------------------------------------------------+
; Parameter Name ; Value ; Type                                                   ;
+----------------+-------+--------------------------------------------------------+
; n              ; 16    ; Signed Integer                                         ;
+----------------+-------+--------------------------------------------------------+
Note: In order to hide this table in the UI and the text report file, please set the "Show Parameter Settings in Synthesis Report" option in "Analysis and Synthesis Settings -> More Settings" to "Off".


+---------------------------------------------------------------------------------------------+
; Parameter Settings for User Entity Instance: cpu:CPU|datapath:DP|regfile:REGFILE|Dec:writen ;
+----------------+-------+--------------------------------------------------------------------+
; Parameter Name ; Value ; Type                                                               ;
+----------------+-------+--------------------------------------------------------------------+
; n              ; 3     ; Signed Integer                                                     ;
; m              ; 8     ; Signed Integer                                                     ;
+----------------+-------+--------------------------------------------------------------------+
Note: In order to hide this table in the UI and the text report file, please set the "Show Parameter Settings in Synthesis Report" option in "Analysis and Synthesis Settings -> More Settings" to "Off".


+--------------------------------------------------------------------------------------------+
; Parameter Settings for User Entity Instance: cpu:CPU|datapath:DP|regfile:REGFILE|vDFFE:RR0 ;
+----------------+-------+-------------------------------------------------------------------+
; Parameter Name ; Value ; Type                                                              ;
+----------------+-------+-------------------------------------------------------------------+
; n              ; 16    ; Signed Integer                                                    ;
+----------------+-------+-------------------------------------------------------------------+
Note: In order to hide this table in the UI and the text report file, please set the "Show Parameter Settings in Synthesis Report" option in "Analysis and Synthesis Settings -> More Settings" to "Off".


+--------------------------------------------------------------------------------------------+
; Parameter Settings for User Entity Instance: cpu:CPU|datapath:DP|regfile:REGFILE|vDFFE:RR1 ;
+----------------+-------+-------------------------------------------------------------------+
; Parameter Name ; Value ; Type                                                              ;
+----------------+-------+-------------------------------------------------------------------+
; n              ; 16    ; Signed Integer                                                    ;
+----------------+-------+-------------------------------------------------------------------+
Note: In order to hide this table in the UI and the text report file, please set the "Show Parameter Settings in Synthesis Report" option in "Analysis and Synthesis Settings -> More Settings" to "Off".


+--------------------------------------------------------------------------------------------+
; Parameter Settings for User Entity Instance: cpu:CPU|datapath:DP|regfile:REGFILE|vDFFE:RR2 ;
+----------------+-------+-------------------------------------------------------------------+
; Parameter Name ; Value ; Type                                                              ;
+----------------+-------+-------------------------------------------------------------------+
; n              ; 16    ; Signed Integer                                                    ;
+----------------+-------+-------------------------------------------------------------------+
Note: In order to hide this table in the UI and the text report file, please set the "Show Parameter Settings in Synthesis Report" option in "Analysis and Synthesis Settings -> More Settings" to "Off".


+--------------------------------------------------------------------------------------------+
; Parameter Settings for User Entity Instance: cpu:CPU|datapath:DP|regfile:REGFILE|vDFFE:RR3 ;
+----------------+-------+-------------------------------------------------------------------+
; Parameter Name ; Value ; Type                                                              ;
+----------------+-------+-------------------------------------------------------------------+
; n              ; 16    ; Signed Integer                                                    ;
+----------------+-------+-------------------------------------------------------------------+
Note: In order to hide this table in the UI and the text report file, please set the "Show Parameter Settings in Synthesis Report" option in "Analysis and Synthesis Settings -> More Settings" to "Off".


+--------------------------------------------------------------------------------------------+
; Parameter Settings for User Entity Instance: cpu:CPU|datapath:DP|regfile:REGFILE|vDFFE:RR4 ;
+----------------+-------+-------------------------------------------------------------------+
; Parameter Name ; Value ; Type                                                              ;
+----------------+-------+-------------------------------------------------------------------+
; n              ; 16    ; Signed Integer                                                    ;
+----------------+-------+-------------------------------------------------------------------+
Note: In order to hide this table in the UI and the text report file, please set the "Show Parameter Settings in Synthesis Report" option in "Analysis and Synthesis Settings -> More Settings" to "Off".


+--------------------------------------------------------------------------------------------+
; Parameter Settings for User Entity Instance: cpu:CPU|datapath:DP|regfile:REGFILE|vDFFE:RR5 ;
+----------------+-------+-------------------------------------------------------------------+
; Parameter Name ; Value ; Type                                                              ;
+----------------+-------+-------------------------------------------------------------------+
; n              ; 16    ; Signed Integer                                                    ;
+----------------+-------+-------------------------------------------------------------------+
Note: In order to hide this table in the UI and the text report file, please set the "Show Parameter Settings in Synthesis Report" option in "Analysis and Synthesis Settings -> More Settings" to "Off".


+--------------------------------------------------------------------------------------------+
; Parameter Settings for User Entity Instance: cpu:CPU|datapath:DP|regfile:REGFILE|vDFFE:RR6 ;
+----------------+-------+-------------------------------------------------------------------+
; Parameter Name ; Value ; Type                                                              ;
+----------------+-------+-------------------------------------------------------------------+
; n              ; 16    ; Signed Integer                                                    ;
+----------------+-------+-------------------------------------------------------------------+
Note: In order to hide this table in the UI and the text report file, please set the "Show Parameter Settings in Synthesis Report" option in "Analysis and Synthesis Settings -> More Settings" to "Off".


+--------------------------------------------------------------------------------------------+
; Parameter Settings for User Entity Instance: cpu:CPU|datapath:DP|regfile:REGFILE|vDFFE:RR7 ;
+----------------+-------+-------------------------------------------------------------------+
; Parameter Name ; Value ; Type                                                              ;
+----------------+-------+-------------------------------------------------------------------+
; n              ; 16    ; Signed Integer                                                    ;
+----------------+-------+-------------------------------------------------------------------+
Note: In order to hide this table in the UI and the text report file, please set the "Show Parameter Settings in Synthesis Report" option in "Analysis and Synthesis Settings -> More Settings" to "Off".


+------------------------------------------------------------------------------------------+
; Parameter Settings for User Entity Instance: cpu:CPU|datapath:DP|ALU:U2|xor3:abcXorMinus ;
+----------------+-------+-----------------------------------------------------------------+
; Parameter Name ; Value ; Type                                                            ;
+----------------+-------+-----------------------------------------------------------------+
; n              ; 16    ; Signed Integer                                                  ;
+----------------+-------+-----------------------------------------------------------------+
Note: In order to hide this table in the UI and the text report file, please set the "Show Parameter Settings in Synthesis Report" option in "Analysis and Synthesis Settings -> More Settings" to "Off".


+-----------------------------------------------------------------------------------------+
; Parameter Settings for User Entity Instance: cpu:CPU|datapath:DP|ALU:U2|xor3:abcXorPlus ;
+----------------+-------+----------------------------------------------------------------+
; Parameter Name ; Value ; Type                                                           ;
+----------------+-------+----------------------------------------------------------------+
; n              ; 16    ; Signed Integer                                                 ;
+----------------+-------+----------------------------------------------------------------+
Note: In order to hide this table in the UI and the text report file, please set the "Show Parameter Settings in Synthesis Report" option in "Analysis and Synthesis Settings -> More Settings" to "Off".


+--------------------------------------------------------------------------+
; Parameter Settings for User Entity Instance: cpu:CPU|datapath:DP|vDFFE:A ;
+----------------+-------+-------------------------------------------------+
; Parameter Name ; Value ; Type                                            ;
+----------------+-------+-------------------------------------------------+
; n              ; 16    ; Signed Integer                                  ;
+----------------+-------+-------------------------------------------------+
Note: In order to hide this table in the UI and the text report file, please set the "Show Parameter Settings in Synthesis Report" option in "Analysis and Synthesis Settings -> More Settings" to "Off".


+--------------------------------------------------------------------------+
; Parameter Settings for User Entity Instance: cpu:CPU|datapath:DP|vDFFE:B ;
+----------------+-------+-------------------------------------------------+
; Parameter Name ; Value ; Type                                            ;
+----------------+-------+-------------------------------------------------+
; n              ; 16    ; Signed Integer                                  ;
+----------------+-------+-------------------------------------------------+
Note: In order to hide this table in the UI and the text report file, please set the "Show Parameter Settings in Synthesis Report" option in "Analysis and Synthesis Settings -> More Settings" to "Off".


+--------------------------------------------------------------------------+
; Parameter Settings for User Entity Instance: cpu:CPU|datapath:DP|vDFFE:C ;
+----------------+-------+-------------------------------------------------+
; Parameter Name ; Value ; Type                                            ;
+----------------+-------+-------------------------------------------------+
; n              ; 16    ; Signed Integer                                  ;
+----------------+-------+-------------------------------------------------+
Note: In order to hide this table in the UI and the text report file, please set the "Show Parameter Settings in Synthesis Report" option in "Analysis and Synthesis Settings -> More Settings" to "Off".


+---------------------------------------------------------------------------+
; Parameter Settings for User Entity Instance: cpu:CPU|datapath:DP|MUX:muxA ;
+----------------+-------+--------------------------------------------------+
; Parameter Name ; Value ; Type                                             ;
+----------------+-------+--------------------------------------------------+
; m              ; 16    ; Signed Integer                                   ;
+----------------+-------+--------------------------------------------------+
Note: In order to hide this table in the UI and the text report file, please set the "Show Parameter Settings in Synthesis Report" option in "Analysis and Synthesis Settings -> More Settings" to "Off".


+---------------------------------------------------------------------------+
; Parameter Settings for User Entity Instance: cpu:CPU|datapath:DP|MUX:muxB ;
+----------------+-------+--------------------------------------------------+
; Parameter Name ; Value ; Type                                             ;
+----------------+-------+--------------------------------------------------+
; m              ; 16    ; Signed Integer                                   ;
+----------------+-------+--------------------------------------------------+
Note: In order to hide this table in the UI and the text report file, please set the "Show Parameter Settings in Synthesis Report" option in "Analysis and Synthesis Settings -> More Settings" to "Off".


+-------------------------------------------------------------------------------+
; Parameter Settings for User Entity Instance: cpu:CPU|datapath:DP|vDFFE:status ;
+----------------+-------+------------------------------------------------------+
; Parameter Name ; Value ; Type                                                 ;
+----------------+-------+------------------------------------------------------+
; n              ; 3     ; Signed Integer                                       ;
+----------------+-------+------------------------------------------------------+
Note: In order to hide this table in the UI and the text report file, please set the "Show Parameter Settings in Synthesis Report" option in "Analysis and Synthesis Settings -> More Settings" to "Off".


+----------------------------------------------------------------+
; Parameter Settings for User Entity Instance: cpu:CPU|MUX:PCMUX ;
+----------------+-------+---------------------------------------+
; Parameter Name ; Value ; Type                                  ;
+----------------+-------+---------------------------------------+
; m              ; 9     ; Signed Integer                        ;
+----------------+-------+---------------------------------------+
Note: In order to hide this table in the UI and the text report file, please set the "Show Parameter Settings in Synthesis Report" option in "Analysis and Synthesis Settings -> More Settings" to "Off".


+---------------------------------------------------------------------------+
; Parameter Settings for User Entity Instance: cpu:CPU|vDFFE:ProgramCounter ;
+----------------+-------+--------------------------------------------------+
; Parameter Name ; Value ; Type                                             ;
+----------------+-------+--------------------------------------------------+
; n              ; 9     ; Signed Integer                                   ;
+----------------+-------+--------------------------------------------------+
Note: In order to hide this table in the UI and the text report file, please set the "Show Parameter Settings in Synthesis Report" option in "Analysis and Synthesis Settings -> More Settings" to "Off".


+------------------------------------------------------------------------+
; Parameter Settings for User Entity Instance: cpu:CPU|vDFFE:DataAddress ;
+----------------+-------+-----------------------------------------------+
; Parameter Name ; Value ; Type                                          ;
+----------------+-------+-----------------------------------------------+
; n              ; 9     ; Signed Integer                                ;
+----------------+-------+-----------------------------------------------+
Note: In order to hide this table in the UI and the text report file, please set the "Show Parameter Settings in Synthesis Report" option in "Analysis and Synthesis Settings -> More Settings" to "Off".


+--------------------------------------------------------------------+
; Parameter Settings for User Entity Instance: cpu:CPU|MUX:memSelect ;
+----------------+-------+-------------------------------------------+
; Parameter Name ; Value ; Type                                      ;
+----------------+-------+-------------------------------------------+
; m              ; 9     ; Signed Integer                            ;
+----------------+-------+-------------------------------------------+
Note: In order to hide this table in the UI and the text report file, please set the "Show Parameter Settings in Synthesis Report" option in "Analysis and Synthesis Settings -> More Settings" to "Off".


+------------------------------------------------------+
; Parameter Settings for User Entity Instance: RAM:MEM ;
+----------------+----------+--------------------------+
; Parameter Name ; Value    ; Type                     ;
+----------------+----------+--------------------------+
; data_width     ; 16       ; Signed Integer           ;
; addr_width     ; 8        ; Signed Integer           ;
; filename       ; data.txt ; String                   ;
+----------------+----------+--------------------------+
Note: In order to hide this table in the UI and the text report file, please set the "Show Parameter Settings in Synthesis Report" option in "Analysis and Synthesis Settings -> More Settings" to "Off".


+---------------------------------------------------------+
; Parameter Settings for User Entity Instance: eq:mreadEQ ;
+----------------+-------+--------------------------------+
; Parameter Name ; Value ; Type                           ;
+----------------+-------+--------------------------------+
; n              ; 2     ; Signed Integer                 ;
+----------------+-------+--------------------------------+
Note: In order to hide this table in the UI and the text report file, please set the "Show Parameter Settings in Synthesis Report" option in "Analysis and Synthesis Settings -> More Settings" to "Off".


+----------------------------------------------------------+
; Parameter Settings for User Entity Instance: eq:mwriteEQ ;
+----------------+-------+---------------------------------+
; Parameter Name ; Value ; Type                            ;
+----------------+-------+---------------------------------+
; n              ; 2     ; Signed Integer                  ;
+----------------+-------+---------------------------------+
Note: In order to hide this table in the UI and the text report file, please set the "Show Parameter Settings in Synthesis Report" option in "Analysis and Synthesis Settings -> More Settings" to "Off".


+--------------------------------------------------------+
; Parameter Settings for User Entity Instance: eq:mselEQ ;
+----------------+-------+-------------------------------+
; Parameter Name ; Value ; Type                          ;
+----------------+-------+-------------------------------+
; n              ; 1     ; Signed Integer                ;
+----------------+-------+-------------------------------+
Note: In order to hide this table in the UI and the text report file, please set the "Show Parameter Settings in Synthesis Report" option in "Analysis and Synthesis Settings -> More Settings" to "Off".


+------------------------------------------------------------------------+
; Parameter Settings for User Entity Instance: triStateBuffer:doutBuffer ;
+----------------+-------+-----------------------------------------------+
; Parameter Name ; Value ; Type                                          ;
+----------------+-------+-----------------------------------------------+
; n              ; 16    ; Signed Integer                                ;
+----------------+-------+-----------------------------------------------+
Note: In order to hide this table in the UI and the text report file, please set the "Show Parameter Settings in Synthesis Report" option in "Analysis and Synthesis Settings -> More Settings" to "Off".


+--------------------------------------------------------------------------+
; Parameter Settings for User Entity Instance: triStateBuffer:SwitchBuffer ;
+----------------+-------+-------------------------------------------------+
; Parameter Name ; Value ; Type                                            ;
+----------------+-------+-------------------------------------------------+
; n              ; 16    ; Signed Integer                                  ;
+----------------+-------+-------------------------------------------------+
Note: In order to hide this table in the UI and the text report file, please set the "Show Parameter Settings in Synthesis Report" option in "Analysis and Synthesis Settings -> More Settings" to "Off".


+--------------------------------------------------------------+
; Parameter Settings for User Entity Instance: vDFFE:LEDtoggle ;
+----------------+-------+-------------------------------------+
; Parameter Name ; Value ; Type                                ;
+----------------+-------+-------------------------------------+
; n              ; 8     ; Signed Integer                      ;
+----------------+-------+-------------------------------------+
Note: In order to hide this table in the UI and the text report file, please set the "Show Parameter Settings in Synthesis Report" option in "Analysis and Synthesis Settings -> More Settings" to "Off".


+------------------------------------------------------------------------------------------+
; Parameter Settings for Inferred Entity Instance: RAM:MEM|altsyncram:mem_rtl_0            ;
+------------------------------------+------------------------------------+----------------+
; Parameter Name                     ; Value                              ; Type           ;
+------------------------------------+------------------------------------+----------------+
; BYTE_SIZE_BLOCK                    ; 8                                  ; Untyped        ;
; AUTO_CARRY_CHAINS                  ; ON                                 ; AUTO_CARRY     ;
; IGNORE_CARRY_BUFFERS               ; OFF                                ; IGNORE_CARRY   ;
; AUTO_CASCADE_CHAINS                ; ON                                 ; AUTO_CASCADE   ;
; IGNORE_CASCADE_BUFFERS             ; OFF                                ; IGNORE_CASCADE ;
; WIDTH_BYTEENA                      ; 1                                  ; Untyped        ;
; OPERATION_MODE                     ; DUAL_PORT                          ; Untyped        ;
; WIDTH_A                            ; 16                                 ; Untyped        ;
; WIDTHAD_A                          ; 8                                  ; Untyped        ;
; NUMWORDS_A                         ; 256                                ; Untyped        ;
; OUTDATA_REG_A                      ; UNREGISTERED                       ; Untyped        ;
; ADDRESS_ACLR_A                     ; NONE                               ; Untyped        ;
; OUTDATA_ACLR_A                     ; NONE                               ; Untyped        ;
; WRCONTROL_ACLR_A                   ; NONE                               ; Untyped        ;
; INDATA_ACLR_A                      ; NONE                               ; Untyped        ;
; BYTEENA_ACLR_A                     ; NONE                               ; Untyped        ;
; WIDTH_B                            ; 16                                 ; Untyped        ;
; WIDTHAD_B                          ; 8                                  ; Untyped        ;
; NUMWORDS_B                         ; 256                                ; Untyped        ;
; INDATA_REG_B                       ; CLOCK1                             ; Untyped        ;
; WRCONTROL_WRADDRESS_REG_B          ; CLOCK1                             ; Untyped        ;
; RDCONTROL_REG_B                    ; CLOCK1                             ; Untyped        ;
; ADDRESS_REG_B                      ; CLOCK0                             ; Untyped        ;
; OUTDATA_REG_B                      ; UNREGISTERED                       ; Untyped        ;
; BYTEENA_REG_B                      ; CLOCK1                             ; Untyped        ;
; INDATA_ACLR_B                      ; NONE                               ; Untyped        ;
; WRCONTROL_ACLR_B                   ; NONE                               ; Untyped        ;
; ADDRESS_ACLR_B                     ; NONE                               ; Untyped        ;
; OUTDATA_ACLR_B                     ; NONE                               ; Untyped        ;
; RDCONTROL_ACLR_B                   ; NONE                               ; Untyped        ;
; BYTEENA_ACLR_B                     ; NONE                               ; Untyped        ;
; WIDTH_BYTEENA_A                    ; 1                                  ; Untyped        ;
; WIDTH_BYTEENA_B                    ; 1                                  ; Untyped        ;
; RAM_BLOCK_TYPE                     ; AUTO                               ; Untyped        ;
; BYTE_SIZE                          ; 8                                  ; Untyped        ;
; READ_DURING_WRITE_MODE_MIXED_PORTS ; OLD_DATA                           ; Untyped        ;
; READ_DURING_WRITE_MODE_PORT_A      ; NEW_DATA_NO_NBE_READ               ; Untyped        ;
; READ_DURING_WRITE_MODE_PORT_B      ; NEW_DATA_NO_NBE_READ               ; Untyped        ;
; INIT_FILE                          ; db/lab7_top.ram0_RAM_15119.hdl.mif ; Untyped        ;
; INIT_FILE_LAYOUT                   ; PORT_A                             ; Untyped        ;
; MAXIMUM_DEPTH                      ; 0                                  ; Untyped        ;
; CLOCK_ENABLE_INPUT_A               ; NORMAL                             ; Untyped        ;
; CLOCK_ENABLE_INPUT_B               ; NORMAL                             ; Untyped        ;
; CLOCK_ENABLE_OUTPUT_A              ; NORMAL                             ; Untyped        ;
; CLOCK_ENABLE_OUTPUT_B              ; NORMAL                             ; Untyped        ;
; CLOCK_ENABLE_CORE_A                ; USE_INPUT_CLKEN                    ; Untyped        ;
; CLOCK_ENABLE_CORE_B                ; USE_INPUT_CLKEN                    ; Untyped        ;
; ENABLE_ECC                         ; FALSE                              ; Untyped        ;
; ECC_PIPELINE_STAGE_ENABLED         ; FALSE                              ; Untyped        ;
; WIDTH_ECCSTATUS                    ; 3                                  ; Untyped        ;
; DEVICE_FAMILY                      ; Cyclone V                          ; Untyped        ;
; CBXI_PARAMETER                     ; altsyncram_65r1                    ; Untyped        ;
+------------------------------------+------------------------------------+----------------+
Note: In order to hide this table in the UI and the text report file, please set the "Show Parameter Settings in Synthesis Report" option in "Analysis and Synthesis Settings -> More Settings" to "Off".


+--------------------------------------------------------------------------+
; altsyncram Parameter Settings by Entity Instance                         ;
+-------------------------------------------+------------------------------+
; Name                                      ; Value                        ;
+-------------------------------------------+------------------------------+
; Number of entity instances                ; 1                            ;
; Entity Instance                           ; RAM:MEM|altsyncram:mem_rtl_0 ;
;     -- OPERATION_MODE                     ; DUAL_PORT                    ;
;     -- WIDTH_A                            ; 16                           ;
;     -- NUMWORDS_A                         ; 256                          ;
;     -- OUTDATA_REG_A                      ; UNREGISTERED                 ;
;     -- WIDTH_B                            ; 16                           ;
;     -- NUMWORDS_B                         ; 256                          ;
;     -- ADDRESS_REG_B                      ; CLOCK0                       ;
;     -- OUTDATA_REG_B                      ; UNREGISTERED                 ;
;     -- RAM_BLOCK_TYPE                     ; AUTO                         ;
;     -- READ_DURING_WRITE_MODE_MIXED_PORTS ; OLD_DATA                     ;
+-------------------------------------------+------------------------------+


+---------------------------------------------------------+
; Port Connectivity Checks: "triStateBuffer:SwitchBuffer" ;
+-----------+-------+----------+--------------------------+
; Port      ; Type  ; Severity ; Details                  ;
+-----------+-------+----------+--------------------------+
; in[15..8] ; Input ; Info     ; Stuck at GND             ;
+-----------+-------+----------+--------------------------+


+----------------------------------------+
; Port Connectivity Checks: "eq:mselEQ"  ;
+------+-------+----------+--------------+
; Port ; Type  ; Severity ; Details      ;
+------+-------+----------+--------------+
; a    ; Input ; Info     ; Stuck at GND ;
+------+-------+----------+--------------+


+-----------------------------------------+
; Port Connectivity Checks: "eq:mwriteEQ" ;
+------+-------+----------+---------------+
; Port ; Type  ; Severity ; Details       ;
+------+-------+----------+---------------+
; a[1] ; Input ; Info     ; Stuck at VCC  ;
; a[0] ; Input ; Info     ; Stuck at GND  ;
+------+-------+----------+---------------+


+----------------------------------------+
; Port Connectivity Checks: "eq:mreadEQ" ;
+------+-------+----------+--------------+
; Port ; Type  ; Severity ; Details      ;
+------+-------+----------+--------------+
; a[1] ; Input ; Info     ; Stuck at GND ;
; a[0] ; Input ; Info     ; Stuck at VCC ;
+------+-------+----------+--------------+


+-----------------------------------------------+
; Port Connectivity Checks: "cpu:CPU|MUX:PCMUX" ;
+------+-------+----------+---------------------+
; Port ; Type  ; Severity ; Details             ;
+------+-------+----------+---------------------+
; a    ; Input ; Info     ; Stuck at GND        ;
+------+-------+----------+---------------------+


+----------------------------------------------------------+
; Port Connectivity Checks: "cpu:CPU|datapath:DP|MUX:muxA" ;
+------+-------+----------+--------------------------------+
; Port ; Type  ; Severity ; Details                        ;
+------+-------+----------+--------------------------------+
; a    ; Input ; Info     ; Stuck at GND                   ;
+------+-------+----------+--------------------------------+


+------------------------------------------------------------------------+
; Port Connectivity Checks: "cpu:CPU|datapath:DP|ALU:U2|xor3:abcXorPlus" ;
+------+-------+----------+----------------------------------------------+
; Port ; Type  ; Severity ; Details                                      ;
+------+-------+----------+----------------------------------------------+
; c[0] ; Input ; Info     ; Stuck at GND                                 ;
+------+-------+----------+----------------------------------------------+


+-------------------------------------------------------------------------+
; Port Connectivity Checks: "cpu:CPU|datapath:DP|ALU:U2|xor3:abcXorMinus" ;
+------+-------+----------+-----------------------------------------------+
; Port ; Type  ; Severity ; Details                                       ;
+------+-------+----------+-----------------------------------------------+
; c[0] ; Input ; Info     ; Stuck at GND                                  ;
+------+-------+----------+-----------------------------------------------+


+----------------------------------------------------------------------+
; Port Connectivity Checks: "cpu:CPU|datapath:DP|Four_IN_Mux:inMuxNew" ;
+-------------+-------+----------+-------------------------------------+
; Port        ; Type  ; Severity ; Details                             ;
+-------------+-------+----------+-------------------------------------+
; PC16[15..8] ; Input ; Info     ; Stuck at GND                        ;
+-------------+-------+----------+-------------------------------------+


+----------------------------------------------------+
; Port Connectivity Checks: "cpu:CPU|datapath:DP"    ;
+-------+--------+----------+------------------------+
; Port  ; Type   ; Severity ; Details                ;
+-------+--------+----------+------------------------+
; PC    ; Input  ; Info     ; Stuck at GND           ;
; Z_out ; Output ; Info     ; Explicitly unconnected ;
; N     ; Output ; Info     ; Explicitly unconnected ;
; V     ; Output ; Info     ; Explicitly unconnected ;
; Z     ; Output ; Info     ; Explicitly unconnected ;
+-------+--------+----------+------------------------+


+---------------------------------------------------------------------------------------------------------------------+
; Port Connectivity Checks: "cpu:CPU|FSM:stateMachine"                                                                ;
+-----------+--------+----------+-------------------------------------------------------------------------------------+
; Port      ; Type   ; Severity ; Details                                                                             ;
+-----------+--------+----------+-------------------------------------------------------------------------------------+
; out[2..1] ; Output ; Info     ; Connected to dangling logic. Logic that only feeds a dangling port will be removed. ;
+-----------+--------+----------+-------------------------------------------------------------------------------------+


+-----------------------------------------------------+
; Post-Synthesis Netlist Statistics for Top Partition ;
+-----------------------+-----------------------------+
; Type                  ; Count                       ;
+-----------------------+-----------------------------+
; arriav_ff             ; 237                         ;
;     ENA               ; 208                         ;
;     ENA SCLR          ; 9                           ;
;     plain             ; 20                          ;
; arriav_lcell_comb     ; 316                         ;
;     arith             ; 9                           ;
;         1 data inputs ; 9                           ;
;     extend            ; 8                           ;
;         7 data inputs ; 8                           ;
;     normal            ; 299                         ;
;         0 data inputs ; 2                           ;
;         1 data inputs ; 4                           ;
;         2 data inputs ; 30                          ;
;         3 data inputs ; 29                          ;
;         4 data inputs ; 47                          ;
;         5 data inputs ; 65                          ;
;         6 data inputs ; 122                         ;
; boundary_port         ; 66                          ;
; stratixv_ram_block    ; 16                          ;
;                       ;                             ;
; Max LUT depth         ; 8.00                        ;
; Average LUT depth     ; 3.40                        ;
+-----------------------+-----------------------------+


+-------------------------------+
; Elapsed Time Per Partition    ;
+----------------+--------------+
; Partition Name ; Elapsed Time ;
+----------------+--------------+
; Top            ; 00:00:01     ;
+----------------+--------------+


+-------------------------------+
; Analysis & Synthesis Messages ;
+-------------------------------+
Info: *******************************************************************
Info: Running Quartus Prime Analysis & Synthesis
    Info: Version 18.1.0 Build 625 09/12/2018 SJ Lite Edition
    Info: Processing started: Mon Oct 28 20:45:07 2019
Info: Command: quartus_map --read_settings_files=on --write_settings_files=off lab7 -c lab7_top
Warning (18236): Number of processors has not been specified which may cause overloading on shared machines.  Set the global assignment NUM_PARALLEL_PROCESSORS in your QSF to an appropriate value for best performance.
Info (20030): Parallel compilation is enabled and will use 6 of the 6 processors detected
Info (12021): Found 1 design units, including 1 entities, in source file shifter_tb.v
    Info (12023): Found entity 1: shifter_tb File: D:/Users/Roy Du/Documents/Homework/CPEN 211/labs/lab7/shifter_tb.v Line: 1
Info (12021): Found 1 design units, including 1 entities, in source file shifter.v
    Info (12023): Found entity 1: shifter File: D:/Users/Roy Du/Documents/Homework/CPEN 211/labs/lab7/shifter.v Line: 1
Info (12021): Found 1 design units, including 1 entities, in source file regfile_tb.v
    Info (12023): Found entity 1: regfile_tb File: D:/Users/Roy Du/Documents/Homework/CPEN 211/labs/lab7/regfile_tb.v Line: 1
Warning (10463): Verilog HDL Declaration warning at regfile.v(31): "final" is SystemVerilog-2005 keyword File: D:/Users/Roy Du/Documents/Homework/CPEN 211/labs/lab7/regfile.v Line: 31
Info (12021): Found 4 design units, including 4 entities, in source file regfile.v
    Info (12023): Found entity 1: regfile File: D:/Users/Roy Du/Documents/Homework/CPEN 211/labs/lab7/regfile.v Line: 1
    Info (12023): Found entity 2: Dec File: D:/Users/Roy Du/Documents/Homework/CPEN 211/labs/lab7/regfile.v Line: 36
    Info (12023): Found entity 3: vDFFE File: D:/Users/Roy Du/Documents/Homework/CPEN 211/labs/lab7/regfile.v Line: 47
    Info (12023): Found entity 4: registerMUX File: D:/Users/Roy Du/Documents/Homework/CPEN 211/labs/lab7/regfile.v Line: 62
Info (12021): Found 1 design units, including 1 entities, in source file lab7_top_tb.v
    Info (12023): Found entity 1: lab7_top_tb File: D:/Users/Roy Du/Documents/Homework/CPEN 211/labs/lab7/lab7_top_tb.v Line: 1
Info (12021): Found 6 design units, including 6 entities, in source file lab7_top.v
    Info (12023): Found entity 1: lab7_top File: D:/Users/Roy Du/Documents/Homework/CPEN 211/labs/lab7/lab7_top.v Line: 4
    Info (12023): Found entity 2: eq File: D:/Users/Roy Du/Documents/Homework/CPEN 211/labs/lab7/lab7_top.v Line: 66
    Info (12023): Found entity 3: triStateBuffer File: D:/Users/Roy Du/Documents/Homework/CPEN 211/labs/lab7/lab7_top.v Line: 73
    Info (12023): Found entity 4: RAM File: D:/Users/Roy Du/Documents/Homework/CPEN 211/labs/lab7/lab7_top.v Line: 82
    Info (12023): Found entity 5: vDFF File: D:/Users/Roy Du/Documents/Homework/CPEN 211/labs/lab7/lab7_top.v Line: 117
    Info (12023): Found entity 6: sseg File: D:/Users/Roy Du/Documents/Homework/CPEN 211/labs/lab7/lab7_top.v Line: 134
Info (12021): Found 1 design units, including 1 entities, in source file lab7_autograder_check.v
    Info (12023): Found entity 1: lab7_check_tb File: D:/Users/Roy Du/Documents/Homework/CPEN 211/labs/lab7/lab7_autograder_check.v Line: 1
Info (12021): Found 1 design units, including 1 entities, in source file datapath_tb.v
    Info (12023): Found entity 1: datapath_tb File: D:/Users/Roy Du/Documents/Homework/CPEN 211/labs/lab7/datapath_tb.v Line: 1
Warning (12090): Entity "MUX" obtained from "datapath.v" instead of from Quartus Prime megafunction library File: D:/Users/Roy Du/Documents/Homework/CPEN 211/labs/lab7/datapath.v Line: 50
Info (12021): Found 3 design units, including 3 entities, in source file datapath.v
    Info (12023): Found entity 1: datapath File: D:/Users/Roy Du/Documents/Homework/CPEN 211/labs/lab7/datapath.v Line: 1
    Info (12023): Found entity 2: MUX File: D:/Users/Roy Du/Documents/Homework/CPEN 211/labs/lab7/datapath.v Line: 50
    Info (12023): Found entity 3: Four_IN_Mux File: D:/Users/Roy Du/Documents/Homework/CPEN 211/labs/lab7/datapath.v Line: 60
Info (12021): Found 1 design units, including 1 entities, in source file cpu_tb.v
    Info (12023): Found entity 1: cpu_tb File: D:/Users/Roy Du/Documents/Homework/CPEN 211/labs/lab7/cpu_tb.v Line: 1
Info (12021): Found 4 design units, including 4 entities, in source file cpu.v
    Info (12023): Found entity 1: cpu File: D:/Users/Roy Du/Documents/Homework/CPEN 211/labs/lab7/cpu.v Line: 4
    Info (12023): Found entity 2: Instruction_Dec File: D:/Users/Roy Du/Documents/Homework/CPEN 211/labs/lab7/cpu.v Line: 52
    Info (12023): Found entity 3: writeAndRead_Mux File: D:/Users/Roy Du/Documents/Homework/CPEN 211/labs/lab7/cpu.v Line: 85
    Info (12023): Found entity 4: FSM File: D:/Users/Roy Du/Documents/Homework/CPEN 211/labs/lab7/cpu.v Line: 106
Info (12021): Found 1 design units, including 1 entities, in source file alu_tb.v
    Info (12023): Found entity 1: ALU_tb File: D:/Users/Roy Du/Documents/Homework/CPEN 211/labs/lab7/alu_tb.v Line: 1
Warning (12090): Entity "xor3" obtained from "alu.v" instead of from Quartus Prime megafunction library File: D:/Users/Roy Du/Documents/Homework/CPEN 211/labs/lab7/alu.v Line: 68
Info (12021): Found 2 design units, including 2 entities, in source file alu.v
    Info (12023): Found entity 1: ALU File: D:/Users/Roy Du/Documents/Homework/CPEN 211/labs/lab7/alu.v Line: 1
    Info (12023): Found entity 2: xor3 File: D:/Users/Roy Du/Documents/Homework/CPEN 211/labs/lab7/alu.v Line: 68
Warning (10236): Verilog HDL Implicit Net warning at lab7_top.v(24): created implicit net for "reset" File: D:/Users/Roy Du/Documents/Homework/CPEN 211/labs/lab7/lab7_top.v Line: 24
Info (12127): Elaborating entity "lab7_top" for the top level hierarchy
Warning (10230): Verilog HDL assignment warning at lab7_top.v(48): truncated value with size 32 to match size of target (1) File: D:/Users/Roy Du/Documents/Homework/CPEN 211/labs/lab7/lab7_top.v Line: 48
Warning (10230): Verilog HDL assignment warning at lab7_top.v(51): truncated value with size 32 to match size of target (1) File: D:/Users/Roy Du/Documents/Homework/CPEN 211/labs/lab7/lab7_top.v Line: 51
Warning (10034): Output port "LEDR[9]" at lab7_top.v(7) has no driver File: D:/Users/Roy Du/Documents/Homework/CPEN 211/labs/lab7/lab7_top.v Line: 7
Info (12128): Elaborating entity "cpu" for hierarchy "cpu:CPU" File: D:/Users/Roy Du/Documents/Homework/CPEN 211/labs/lab7/lab7_top.v Line: 34
Warning (10230): Verilog HDL assignment warning at cpu.v(23): truncated value with size 32 to match size of target (9) File: D:/Users/Roy Du/Documents/Homework/CPEN 211/labs/lab7/cpu.v Line: 23
Info (12128): Elaborating entity "vDFFE" for hierarchy "cpu:CPU|vDFFE:Instruction_Register" File: D:/Users/Roy Du/Documents/Homework/CPEN 211/labs/lab7/cpu.v Line: 25
Info (12128): Elaborating entity "Instruction_Dec" for hierarchy "cpu:CPU|Instruction_Dec:ID1" File: D:/Users/Roy Du/Documents/Homework/CPEN 211/labs/lab7/cpu.v Line: 29
Info (12128): Elaborating entity "writeAndRead_Mux" for hierarchy "cpu:CPU|Instruction_Dec:ID1|writeAndRead_Mux:M1" File: D:/Users/Roy Du/Documents/Homework/CPEN 211/labs/lab7/cpu.v Line: 80
Info (10264): Verilog HDL Case Statement information at cpu.v(93): all case item expressions in this case statement are onehot File: D:/Users/Roy Du/Documents/Homework/CPEN 211/labs/lab7/cpu.v Line: 93
Info (12128): Elaborating entity "FSM" for hierarchy "cpu:CPU|FSM:stateMachine" File: D:/Users/Roy Du/Documents/Homework/CPEN 211/labs/lab7/cpu.v Line: 31
Warning (10230): Verilog HDL assignment warning at cpu.v(253): truncated value with size 43 to match size of target (12) File: D:/Users/Roy Du/Documents/Homework/CPEN 211/labs/lab7/cpu.v Line: 253
Info (12128): Elaborating entity "datapath" for hierarchy "cpu:CPU|datapath:DP" File: D:/Users/Roy Du/Documents/Homework/CPEN 211/labs/lab7/cpu.v Line: 36
Info (12128): Elaborating entity "Four_IN_Mux" for hierarchy "cpu:CPU|datapath:DP|Four_IN_Mux:inMuxNew" File: D:/Users/Roy Du/Documents/Homework/CPEN 211/labs/lab7/datapath.v Line: 22
Info (12128): Elaborating entity "regfile" for hierarchy "cpu:CPU|datapath:DP|regfile:REGFILE" File: D:/Users/Roy Du/Documents/Homework/CPEN 211/labs/lab7/datapath.v Line: 24
Info (12128): Elaborating entity "Dec" for hierarchy "cpu:CPU|datapath:DP|regfile:REGFILE|Dec:writen" File: D:/Users/Roy Du/Documents/Homework/CPEN 211/labs/lab7/regfile.v Line: 18
Info (12128): Elaborating entity "registerMUX" for hierarchy "cpu:CPU|datapath:DP|regfile:REGFILE|registerMUX:final" File: D:/Users/Roy Du/Documents/Homework/CPEN 211/labs/lab7/regfile.v Line: 31
Info (12128): Elaborating entity "ALU" for hierarchy "cpu:CPU|datapath:DP|ALU:U2" File: D:/Users/Roy Du/Documents/Homework/CPEN 211/labs/lab7/datapath.v Line: 26
Info (12128): Elaborating entity "xor3" for hierarchy "cpu:CPU|datapath:DP|ALU:U2|xor3:abcXorMinus" File: D:/Users/Roy Du/Documents/Homework/CPEN 211/labs/lab7/alu.v Line: 15
Info (12128): Elaborating entity "MUX" for hierarchy "cpu:CPU|datapath:DP|MUX:muxA" File: D:/Users/Roy Du/Documents/Homework/CPEN 211/labs/lab7/datapath.v Line: 34
Info (12128): Elaborating entity "shifter" for hierarchy "cpu:CPU|datapath:DP|shifter:U1" File: D:/Users/Roy Du/Documents/Homework/CPEN 211/labs/lab7/datapath.v Line: 38
Info (12128): Elaborating entity "vDFFE" for hierarchy "cpu:CPU|datapath:DP|vDFFE:status" File: D:/Users/Roy Du/Documents/Homework/CPEN 211/labs/lab7/datapath.v Line: 42
Info (12128): Elaborating entity "MUX" for hierarchy "cpu:CPU|MUX:PCMUX" File: D:/Users/Roy Du/Documents/Homework/CPEN 211/labs/lab7/cpu.v Line: 39
Info (12128): Elaborating entity "vDFFE" for hierarchy "cpu:CPU|vDFFE:ProgramCounter" File: D:/Users/Roy Du/Documents/Homework/CPEN 211/labs/lab7/cpu.v Line: 42
Info (12128): Elaborating entity "RAM" for hierarchy "RAM:MEM" File: D:/Users/Roy Du/Documents/Homework/CPEN 211/labs/lab7/lab7_top.v Line: 36
Info (12128): Elaborating entity "eq" for hierarchy "eq:mreadEQ" File: D:/Users/Roy Du/Documents/Homework/CPEN 211/labs/lab7/lab7_top.v Line: 38
Info (12128): Elaborating entity "eq" for hierarchy "eq:mselEQ" File: D:/Users/Roy Du/Documents/Homework/CPEN 211/labs/lab7/lab7_top.v Line: 41
Info (12128): Elaborating entity "triStateBuffer" for hierarchy "triStateBuffer:doutBuffer" File: D:/Users/Roy Du/Documents/Homework/CPEN 211/labs/lab7/lab7_top.v Line: 46
Info (12128): Elaborating entity "vDFFE" for hierarchy "vDFFE:LEDtoggle" File: D:/Users/Roy Du/Documents/Homework/CPEN 211/labs/lab7/lab7_top.v Line: 52
Info (12128): Elaborating entity "sseg" for hierarchy "sseg:H0" File: D:/Users/Roy Du/Documents/Homework/CPEN 211/labs/lab7/lab7_top.v Line: 57
Warning (13046): Tri-state node(s) do not directly drive top-level pin(s)
    Warning (13048): Converted tri-state node "read_data[15]" into a selector File: D:/Users/Roy Du/Documents/Homework/CPEN 211/labs/lab7/regfile.v Line: 57
    Warning (13048): Converted tri-state node "read_data[14]" into a selector File: D:/Users/Roy Du/Documents/Homework/CPEN 211/labs/lab7/regfile.v Line: 57
    Warning (13048): Converted tri-state node "read_data[13]" into a selector File: D:/Users/Roy Du/Documents/Homework/CPEN 211/labs/lab7/regfile.v Line: 57
    Warning (13048): Converted tri-state node "read_data[12]" into a selector File: D:/Users/Roy Du/Documents/Homework/CPEN 211/labs/lab7/regfile.v Line: 57
    Warning (13048): Converted tri-state node "read_data[11]" into a selector File: D:/Users/Roy Du/Documents/Homework/CPEN 211/labs/lab7/regfile.v Line: 57
    Warning (13048): Converted tri-state node "read_data[10]" into a selector File: D:/Users/Roy Du/Documents/Homework/CPEN 211/labs/lab7/regfile.v Line: 57
    Warning (13048): Converted tri-state node "read_data[9]" into a selector File: D:/Users/Roy Du/Documents/Homework/CPEN 211/labs/lab7/regfile.v Line: 57
    Warning (13048): Converted tri-state node "read_data[8]" into a selector File: D:/Users/Roy Du/Documents/Homework/CPEN 211/labs/lab7/regfile.v Line: 57
    Warning (13048): Converted tri-state node "read_data[7]" into a selector File: D:/Users/Roy Du/Documents/Homework/CPEN 211/labs/lab7/regfile.v Line: 57
    Warning (13048): Converted tri-state node "read_data[6]" into a selector File: D:/Users/Roy Du/Documents/Homework/CPEN 211/labs/lab7/regfile.v Line: 57
    Warning (13048): Converted tri-state node "read_data[5]" into a selector File: D:/Users/Roy Du/Documents/Homework/CPEN 211/labs/lab7/regfile.v Line: 57
    Warning (13048): Converted tri-state node "read_data[4]" into a selector File: D:/Users/Roy Du/Documents/Homework/CPEN 211/labs/lab7/regfile.v Line: 57
    Warning (13048): Converted tri-state node "read_data[3]" into a selector File: D:/Users/Roy Du/Documents/Homework/CPEN 211/labs/lab7/regfile.v Line: 57
    Warning (13048): Converted tri-state node "read_data[2]" into a selector File: D:/Users/Roy Du/Documents/Homework/CPEN 211/labs/lab7/regfile.v Line: 57
    Warning (13048): Converted tri-state node "read_data[1]" into a selector File: D:/Users/Roy Du/Documents/Homework/CPEN 211/labs/lab7/regfile.v Line: 57
    Warning (13048): Converted tri-state node "read_data[0]" into a selector File: D:/Users/Roy Du/Documents/Homework/CPEN 211/labs/lab7/regfile.v Line: 57
Info (19000): Inferred 1 megafunctions from design logic
    Info (276029): Inferred altsyncram megafunction from the following design logic: "RAM:MEM|mem_rtl_0" 
        Info (286033): Parameter OPERATION_MODE set to DUAL_PORT
        Info (286033): Parameter WIDTH_A set to 16
        Info (286033): Parameter WIDTHAD_A set to 8
        Info (286033): Parameter NUMWORDS_A set to 256
        Info (286033): Parameter WIDTH_B set to 16
        Info (286033): Parameter WIDTHAD_B set to 8
        Info (286033): Parameter NUMWORDS_B set to 256
        Info (286033): Parameter ADDRESS_ACLR_A set to NONE
        Info (286033): Parameter OUTDATA_REG_B set to UNREGISTERED
        Info (286033): Parameter ADDRESS_ACLR_B set to NONE
        Info (286033): Parameter OUTDATA_ACLR_B set to NONE
        Info (286033): Parameter ADDRESS_REG_B set to CLOCK0
        Info (286033): Parameter INDATA_ACLR_A set to NONE
        Info (286033): Parameter WRCONTROL_ACLR_A set to NONE
        Info (286033): Parameter INIT_FILE set to db/lab7_top.ram0_RAM_15119.hdl.mif
        Info (286033): Parameter READ_DURING_WRITE_MODE_MIXED_PORTS set to OLD_DATA
Info (12130): Elaborated megafunction instantiation "RAM:MEM|altsyncram:mem_rtl_0"
Info (12133): Instantiated megafunction "RAM:MEM|altsyncram:mem_rtl_0" with the following parameter:
    Info (12134): Parameter "OPERATION_MODE" = "DUAL_PORT"
    Info (12134): Parameter "WIDTH_A" = "16"
    Info (12134): Parameter "WIDTHAD_A" = "8"
    Info (12134): Parameter "NUMWORDS_A" = "256"
    Info (12134): Parameter "WIDTH_B" = "16"
    Info (12134): Parameter "WIDTHAD_B" = "8"
    Info (12134): Parameter "NUMWORDS_B" = "256"
    Info (12134): Parameter "ADDRESS_ACLR_A" = "NONE"
    Info (12134): Parameter "OUTDATA_REG_B" = "UNREGISTERED"
    Info (12134): Parameter "ADDRESS_ACLR_B" = "NONE"
    Info (12134): Parameter "OUTDATA_ACLR_B" = "NONE"
    Info (12134): Parameter "ADDRESS_REG_B" = "CLOCK0"
    Info (12134): Parameter "INDATA_ACLR_A" = "NONE"
    Info (12134): Parameter "WRCONTROL_ACLR_A" = "NONE"
    Info (12134): Parameter "INIT_FILE" = "db/lab7_top.ram0_RAM_15119.hdl.mif"
    Info (12134): Parameter "READ_DURING_WRITE_MODE_MIXED_PORTS" = "OLD_DATA"
Info (12021): Found 1 design units, including 1 entities, in source file db/altsyncram_65r1.tdf
    Info (12023): Found entity 1: altsyncram_65r1 File: D:/Users/Roy Du/Documents/Homework/CPEN 211/labs/lab7/db/altsyncram_65r1.tdf Line: 27
Warning (13024): Output pins are stuck at VCC or GND
    Warning (13410): Pin "LEDR[8]" is stuck at GND File: D:/Users/Roy Du/Documents/Homework/CPEN 211/labs/lab7/lab7_top.v Line: 7
    Warning (13410): Pin "LEDR[9]" is stuck at GND File: D:/Users/Roy Du/Documents/Homework/CPEN 211/labs/lab7/lab7_top.v Line: 7
    Warning (13410): Pin "HEX4[0]" is stuck at VCC File: D:/Users/Roy Du/Documents/Homework/CPEN 211/labs/lab7/lab7_top.v Line: 8
    Warning (13410): Pin "HEX4[1]" is stuck at VCC File: D:/Users/Roy Du/Documents/Homework/CPEN 211/labs/lab7/lab7_top.v Line: 8
    Warning (13410): Pin "HEX4[2]" is stuck at VCC File: D:/Users/Roy Du/Documents/Homework/CPEN 211/labs/lab7/lab7_top.v Line: 8
    Warning (13410): Pin "HEX4[3]" is stuck at VCC File: D:/Users/Roy Du/Documents/Homework/CPEN 211/labs/lab7/lab7_top.v Line: 8
    Warning (13410): Pin "HEX4[4]" is stuck at VCC File: D:/Users/Roy Du/Documents/Homework/CPEN 211/labs/lab7/lab7_top.v Line: 8
    Warning (13410): Pin "HEX4[5]" is stuck at VCC File: D:/Users/Roy Du/Documents/Homework/CPEN 211/labs/lab7/lab7_top.v Line: 8
    Warning (13410): Pin "HEX4[6]" is stuck at VCC File: D:/Users/Roy Du/Documents/Homework/CPEN 211/labs/lab7/lab7_top.v Line: 8
    Warning (13410): Pin "HEX5[0]" is stuck at VCC File: D:/Users/Roy Du/Documents/Homework/CPEN 211/labs/lab7/lab7_top.v Line: 8
    Warning (13410): Pin "HEX5[1]" is stuck at VCC File: D:/Users/Roy Du/Documents/Homework/CPEN 211/labs/lab7/lab7_top.v Line: 8
    Warning (13410): Pin "HEX5[2]" is stuck at VCC File: D:/Users/Roy Du/Documents/Homework/CPEN 211/labs/lab7/lab7_top.v Line: 8
    Warning (13410): Pin "HEX5[3]" is stuck at VCC File: D:/Users/Roy Du/Documents/Homework/CPEN 211/labs/lab7/lab7_top.v Line: 8
    Warning (13410): Pin "HEX5[4]" is stuck at VCC File: D:/Users/Roy Du/Documents/Homework/CPEN 211/labs/lab7/lab7_top.v Line: 8
    Warning (13410): Pin "HEX5[5]" is stuck at VCC File: D:/Users/Roy Du/Documents/Homework/CPEN 211/labs/lab7/lab7_top.v Line: 8
    Warning (13410): Pin "HEX5[6]" is stuck at VCC File: D:/Users/Roy Du/Documents/Homework/CPEN 211/labs/lab7/lab7_top.v Line: 8
Info (286030): Timing-Driven Synthesis is running
Info (144001): Generated suppressed messages file D:/Users/Roy Du/Documents/Homework/CPEN 211/labs/lab7/output_files/lab7_top.map.smsg
Info (16010): Generating hard_block partition "hard_block:auto_generated_inst"
    Info (16011): Adding 0 node(s), including 0 DDIO, 0 PLL, 0 transceiver and 0 LCELL
Warning (21074): Design contains 4 input pin(s) that do not drive logic
    Warning (15610): No output dependent on input pin "KEY[2]" File: D:/Users/Roy Du/Documents/Homework/CPEN 211/labs/lab7/lab7_top.v Line: 5
    Warning (15610): No output dependent on input pin "KEY[3]" File: D:/Users/Roy Du/Documents/Homework/CPEN 211/labs/lab7/lab7_top.v Line: 5
    Warning (15610): No output dependent on input pin "SW[8]" File: D:/Users/Roy Du/Documents/Homework/CPEN 211/labs/lab7/lab7_top.v Line: 6
    Warning (15610): No output dependent on input pin "SW[9]" File: D:/Users/Roy Du/Documents/Homework/CPEN 211/labs/lab7/lab7_top.v Line: 6
Info (21057): Implemented 575 device resources after synthesis - the final resource count might be different
    Info (21058): Implemented 14 input pins
    Info (21059): Implemented 52 output pins
    Info (21061): Implemented 493 logic cells
    Info (21064): Implemented 16 RAM segments
Info: Quartus Prime Analysis & Synthesis was successful. 0 errors, 49 warnings
    Info: Peak virtual memory: 4864 megabytes
    Info: Processing ended: Mon Oct 28 20:45:17 2019
    Info: Elapsed time: 00:00:10
    Info: Total CPU time (on all processors): 00:00:19


+------------------------------------------+
; Analysis & Synthesis Suppressed Messages ;
+------------------------------------------+
The suppressed messages can be found in D:/Users/Roy Du/Documents/Homework/CPEN 211/labs/lab7/output_files/lab7_top.map.smsg.


